<?xml version="1.0" encoding="UTF-8"?>
<!-- Generated by org.testng.reporters.JUnitReportReporter -->
<testsuite hostname="DESKTOP-5VGD0PP" failures="0" tests="4" name="TestNgBasics.SecondclassTestNG2" time="0.016" errors="0" timestamp="2024-08-03T13:41:38 IST" skipped="0">
  <testcase classname="TestNgBasics.SecondclassTestNG2" name="SecondTestcaseinSC" time="0.002"/>
  <testcase classname="TestNgBasics.SecondclassTestNG2" name="SecondTestcaseinSC" time="0.002"/>
  <testcase classname="TestNgBasics.SecondclassTestNG2" name="FirstTestcaseinSC" time="0.002"/>
  <testcase classname="TestNgBasics.SecondclassTestNG2" name="FirstTestcaseinSC" time="0.010"/>
</testsuite> <!-- TestNgBasics.SecondclassTestNG2 -->
