<?xml version="1.0" encoding="UTF-8"?>
<!-- Generated by org.testng.reporters.JUnitReportReporter -->
<testsuite hostname="DESKTOP-5VGD0PP" failures="0" tests="2" name="Testcase.MakeMyTripFlightSearch" time="6.815" errors="0" timestamp="2024-08-04T13:39:03 IST" skipped="0">
  <testcase classname="Testcase.MakeMyTripFlightSearch" name="SearchFlightWithValidValues" time="5.585"/>
  <testcase classname="Testcase.MakeMyTripFlightSearch" name="SearchFlightWithSameCity" time="1.230"/>
</testsuite> <!-- Testcase.MakeMyTripFlightSearch -->
